[0322/161912.859:ERROR:process_reader_win.cc(142)] SuspendThread: 拒绝访问。 (0x5)
[0322/161912.876:ERROR:exception_snapshot_win.cc(87)] thread ID 13276 not found in process
[0322/161912.876:WARNING:crash_report_exception_handler.cc(60)] ProcessSnapshotWin::Initialize failed
[0322/161912.876:ERROR:scoped_process_suspend.cc(38)] NtResumeProcess: 已尝试访问正在退出的过程。  (0xc000010a)
[0331/172412.466:ERROR:scoped_process_suspend.cc(30)] NtSuspendProcess: 已尝试访问正在退出的过程。  (0xc000010a)
[0331/172412.508:ERROR:process_info.cc(116)] ReadProcessMemory bool __cdecl crashpad::`anonymous-namespace'::ReadStruct<struct crashpad::process_types::PEB<struct crashpad::process_types::internal::Traits32>>(void *,unsigned __int64,struct crashpad::process_types::PEB<struct crashpad::process_types::internal::Traits32> *): 仅完成部分的 ReadProcessMemory 或 WriteProcessMemory 请求。 (0x12B)
[0331/172412.517:ERROR:process_info.cc(559)] ReadProcessData failed
[0331/172412.517:ERROR:process_reader_win.cc(233)] ReadMemory at 0x615c7db8 of 12 bytes failed: 仅完成部分的 ReadProcessMemory 或 WriteProcessMemory 请求。 (0x12B)
[0331/172412.517:WARNING:process_snapshot_win.cc(68)] ReadMemory ExceptionInformation failed
[0331/172412.517:WARNING:crash_report_exception_handler.cc(60)] ProcessSnapshotWin::Initialize failed
[0331/174129.076:ERROR:process_reader_win.cc(233)] ReadMemory at 0x5650048 of 32768 bytes failed: 仅完成部分的 ReadProcessMemory 或 WriteProcessMemory 请求。 (0x12B)
[0331/174129.076:WARNING:pe_image_annotations_reader.cc(65)] could not read simple annotations from C:\Program Files (x86)\Google\Chrome\Application\57.0.2987.98\chrome_elf.dll
[0407/142356.309:ERROR:exception_handler_server.cc(524)] ConnectNamedPipe: 管道正在被关闭。 (0xE8)
[0419/095532.119:ERROR:process_reader_win.cc(142)] SuspendThread: 拒绝访问。 (0x5)
[0419/095532.125:ERROR:process_reader_win.cc(142)] SuspendThread: 拒绝访问。 (0x5)
[0419/095532.125:ERROR:process_reader_win.cc(142)] SuspendThread: 拒绝访问。 (0x5)
[0419/095532.125:ERROR:process_reader_win.cc(142)] SuspendThread: 拒绝访问。 (0x5)
[0419/095532.125:ERROR:process_reader_win.cc(142)] SuspendThread: 拒绝访问。 (0x5)
[0419/095532.126:ERROR:process_reader_win.cc(142)] SuspendThread: 拒绝访问。 (0x5)
[0419/095532.126:ERROR:process_reader_win.cc(142)] SuspendThread: 拒绝访问。 (0x5)
[0419/095532.126:ERROR:process_reader_win.cc(142)] SuspendThread: 拒绝访问。 (0x5)
[0419/095532.126:ERROR:process_reader_win.cc(142)] SuspendThread: 拒绝访问。 (0x5)
[0419/095532.136:ERROR:process_reader_win.cc(233)] ReadMemory at 0x1170048 of 32768 bytes failed: 仅完成部分的 ReadProcessMemory 或 WriteProcessMemory 请求。 (0x12B)
[0419/095532.136:WARNING:pe_image_annotations_reader.cc(65)] could not read simple annotations from C:\Program Files (x86)\Google\Chrome\Application\57.0.2987.98\chrome_elf.dll
[0419/095532.138:ERROR:process_reader_win.cc(142)] SuspendThread: 拒绝访问。 (0x5)
[0419/095532.148:ERROR:process_reader_win.cc(233)] ReadMemory at 0x5890048 of 32768 bytes failed: 仅完成部分的 ReadProcessMemory 或 WriteProcessMemory 请求。 (0x12B)
[0419/095532.148:WARNING:pe_image_annotations_reader.cc(65)] could not read simple annotations from C:\Program Files (x86)\Google\Chrome\Application\57.0.2987.98\chrome_elf.dll
[0419/175458.520:ERROR:process_reader_win.cc(233)] ReadMemory at 0x5650048 of 32768 bytes failed: 仅完成部分的 ReadProcessMemory 或 WriteProcessMemory 请求。 (0x12B)
[0419/175458.546:WARNING:pe_image_annotations_reader.cc(65)] could not read simple annotations from C:\Program Files (x86)\Google\Chrome\Application\57.0.2987.98\chrome_elf.dll
